<?xml version="1.0" encoding="UTF-8"?>
<!-- Generated by org.testng.reporters.JUnitReportReporter -->
<testsuite hostname="Lenovo" failures="0" tests="1" name="Practice.DataProvidersFromExcel" time="0.000" errors="0" timestamp="2023-07-06T17:40:38 IST" skipped="1">
  <testcase classname="Practice.DataProvidersFromExcel" name="test" time="0.000">
    <skipped/>
  </testcase> <!-- test -->
  <system-out/>
</testsuite> <!-- Practice.DataProvidersFromExcel -->
