<?xml version="1.0" encoding="UTF-8"?>
<!-- Generated by org.testng.reporters.JUnitReportReporter -->
<testsuite hostname="Lenovo" failures="0" tests="1" name="com.OnBuy.ProductTest.TC_15_CreateProductTest" time="33.079" errors="0" timestamp="2023-07-07T18:00:36 IST" skipped="0">
  <testcase classname="com.OnBuy.ProductTest.TC_15_CreateProductTest" name="createProduct" time="33.079"/>
  <system-out>
    <![CDATA[Food and Beverages_2225is Created ==> PASSED
Bevarages_1763is Created ==> PASSED
Coffee_1378is Created ==> PASSED]]>
  </system-out>
</testsuite> <!-- com.OnBuy.ProductTest.TC_15_CreateProductTest -->
