<?xml version="1.0" encoding="UTF-8"?>
<!-- Generated by org.testng.reporters.JUnitReportReporter -->
<testsuite hostname="Lenovo" failures="0" tests="1" name="com.OnBuy.ProductTest.TC_36_CreateProductAndCheckInUserModuleTest" time="79.207" errors="0" timestamp="2023-07-07T18:00:36 IST" skipped="0">
  <testcase classname="com.OnBuy.ProductTest.TC_36_CreateProductAndCheckInUserModuleTest" name="createProductAndCheckInUserModule" time="79.207"/>
  <system-out>
    <![CDATA[Food and Beverages_3935is Created ==> PASSED
Bevarages_3485is Created ==> PASSED
Coffee_3673is Created ==> PASSED
Coffee_3673 is present]]>
  </system-out>
</testsuite> <!-- com.OnBuy.ProductTest.TC_36_CreateProductAndCheckInUserModuleTest -->
