<?xml version="1.0" encoding="UTF-8"?>
<!-- Generated by org.testng.reporters.JUnitReportReporter -->
<testsuite hostname="Lenovo" failures="0" tests="2" name="Practice.TestNG_Undersand" time="13.557" errors="0" timestamp="2023-07-06T09:23:46 IST" skipped="0">
  <testcase classname="Practice.TestNG_Undersand" name="TC_22_CreateCategory2" time="6.214"/>
  <system-out/>
  <testcase classname="Practice.TestNG_Undersand" name="TC_21_CreateCategory" time="7.343"/>
  <system-out/>
</testsuite> <!-- Practice.TestNG_Undersand -->
