<?xml version="1.0" encoding="UTF-8"?>
<!-- Generated by org.testng.reporters.JUnitReportReporter -->
<testsuite hostname="Lenovo" failures="0" tests="1" name="com.OnBuy.SubCategoryTest.TC_43_Create_Edit_Search_DeleteSubCategory_Test" time="49.883" errors="0" timestamp="2023-07-07T18:00:36 IST" skipped="0">
  <testcase classname="com.OnBuy.SubCategoryTest.TC_43_Create_Edit_Search_DeleteSubCategory_Test" name="createEditSearchSubCategory" time="49.883"/>
  <system-out>
    <![CDATA[Food and Beverages_3297is Created ==> PASSED
Veggies_1697is Created ==> PASSED
Organic_3052is Updated ==> PASSED
Organic_3052is deleted ==> PASSED]]>
  </system-out>
</testsuite> <!-- com.OnBuy.SubCategoryTest.TC_43_Create_Edit_Search_DeleteSubCategory_Test -->
