<?xml version="1.0" encoding="UTF-8"?>
<!-- Generated by org.testng.reporters.JUnitReportReporter -->
<testsuite hostname="Lenovo" failures="0" tests="3" name="Practice.DataProviders" time="0.045" errors="0" timestamp="2023-07-06T13:34:29 IST" skipped="0">
  <testcase classname="Practice.DataProviders" name="dataProviderPractice" time="0.003"/>
  <system-out/>
  <testcase classname="Practice.DataProviders" name="dataProviderPractice" time="0.006"/>
  <system-out/>
  <testcase classname="Practice.DataProviders" name="dataProviderPractice" time="0.036"/>
  <system-out/>
</testsuite> <!-- Practice.DataProviders -->
